<?xml version="1.0" encoding="UTF-8"?>
<!-- Generated by org.testng.reporters.JUnitReportReporter -->
<testsuite hostname="EC2AMAZ-S11DBRH" failures="0" tests="1" name="com.lang.selenium.ExampleTestNG" time="0.015" errors="0" timestamp="2024-03-13T05:43:15 GMT" skipped="0">
  <testcase classname="com.lang.selenium.ExampleTestNG" name="testcase1" time="0.015"/>
</testsuite> <!-- com.lang.selenium.ExampleTestNG -->
